{"sessionId":"ba1cb4","timestamp":1774746879009,"runId":"post-fix","hypothesisId":"B,H2,H3","location":"db.ts:createPrismaClient:entry","message":"prisma client init","data":{"useConnector":false,"hasDatabaseUrl":true,"nodeEnv":"development","devInitCount":17}}
{"sessionId":"ba1cb4","timestamp":1774746879012,"runId":"post-fix","hypothesisId":"H2","location":"db.ts:createPrismaClient:reuse","message":"reusing global prisma client","data":{}}
{"sessionId":"ba1cb4","timestamp":1774746879097,"runId":"post-fix","hypothesisId":"H4","location":"auth.ts:getAuthenticatedUser","message":"auth lookup","data":{"hasToken":false,"payloadUserIdLen":null,"hasPayload":false,"payloadRole":null}}
{"sessionId":"ba1cb4","timestamp":1774746881006,"runId":"post-fix","hypothesisId":"B,H2,H3","location":"db.ts:createPrismaClient:entry","message":"prisma client init","data":{"useConnector":false,"hasDatabaseUrl":true,"nodeEnv":"development","devInitCount":18}}
{"sessionId":"ba1cb4","timestamp":1774746881008,"runId":"post-fix","hypothesisId":"H2","location":"db.ts:createPrismaClient:reuse","message":"reusing global prisma client","data":{}}
{"sessionId":"ba1cb4","timestamp":1774746881946,"runId":"post-fix","hypothesisId":"B,H2,H3","location":"db.ts:createPrismaClient:entry","message":"prisma client init","data":{"useConnector":false,"hasDatabaseUrl":true,"nodeEnv":"development","devInitCount":1}}
{"sessionId":"ba1cb4","timestamp":1774746881953,"runId":"post-fix","hypothesisId":"H3,H5","location":"db.ts:createPrismaClient:poolReady","message":"pool created (database url)","data":{"branch":"database_url","urlHostKind":"other_host","elapsedMsSinceEntry":7}}
{"sessionId":"ba1cb4","timestamp":1774747027077,"runId":"post-fix","hypothesisId":"B,H2,H3","location":"db.ts:createPrismaClient:entry","message":"prisma client init","data":{"useConnector":false,"hasDatabaseUrl":true,"nodeEnv":"development","devInitCount":1}}
{"sessionId":"ba1cb4","timestamp":1774747027082,"runId":"post-fix","hypothesisId":"H3,H5","location":"db.ts:createPrismaClient:poolReady","message":"pool created (database url)","data":{"branch":"database_url","urlHostKind":"other_host","elapsedMsSinceEntry":5}}
{"sessionId":"ba1cb4","timestamp":1774747027363,"runId":"post-fix","hypothesisId":"B,H2,H3","location":"db.ts:createPrismaClient:entry","message":"prisma client init","data":{"useConnector":false,"hasDatabaseUrl":true,"nodeEnv":"development","devInitCount":1}}
{"sessionId":"ba1cb4","timestamp":1774747027366,"runId":"post-fix","hypothesisId":"H3,H5","location":"db.ts:createPrismaClient:poolReady","message":"pool created (database url)","data":{"branch":"database_url","urlHostKind":"other_host","elapsedMsSinceEntry":2}}
{"sessionId":"ba1cb4","timestamp":1774747027521,"runId":"post-fix","hypothesisId":"H4","location":"auth.ts:getAuthenticatedUser","message":"auth lookup","data":{"hasToken":true,"payloadUserIdLen":36,"hasPayload":true,"payloadRole":"OWNER"}}
{"sessionId":"ba1cb4","timestamp":1774747027522,"runId":"post-fix","hypothesisId":"H5","location":"auth.ts:beforeFindUnique","message":"about to db.user.findUnique","data":{}}
{"sessionId":"ba1cb4","timestamp":1774747027623,"runId":"post-fix","hypothesisId":"H4","location":"auth.ts:getAuthenticatedUser","message":"auth lookup","data":{"hasToken":true,"payloadUserIdLen":36,"hasPayload":true,"payloadRole":"OWNER"}}
{"sessionId":"ba1cb4","timestamp":1774747027623,"runId":"post-fix","hypothesisId":"H5","location":"auth.ts:beforeFindUnique","message":"about to db.user.findUnique","data":{}}
{"sessionId":"ba1cb4","timestamp":1774747027629,"runId":"post-fix","hypothesisId":"H4","location":"auth.ts:getAuthenticatedUser","message":"auth lookup","data":{"hasToken":true,"payloadUserIdLen":36,"hasPayload":true,"payloadRole":"OWNER"}}
{"sessionId":"ba1cb4","timestamp":1774747027630,"runId":"post-fix","hypothesisId":"H5","location":"auth.ts:beforeFindUnique","message":"about to db.user.findUnique","data":{}}
{"sessionId":"ba1cb4","timestamp":1774747027636,"runId":"post-fix","hypothesisId":"H4","location":"auth.ts:getAuthenticatedUser","message":"auth lookup","data":{"hasToken":true,"payloadUserIdLen":36,"hasPayload":true,"payloadRole":"OWNER"}}
{"sessionId":"ba1cb4","timestamp":1774747027637,"runId":"post-fix","hypothesisId":"H5","location":"auth.ts:beforeFindUnique","message":"about to db.user.findUnique","data":{}}
{"sessionId":"ba1cb4","timestamp":1774747028003,"runId":"post-fix","hypothesisId":"H4","location":"auth.ts:getAuthenticatedUser","message":"auth lookup","data":{"hasToken":true,"payloadUserIdLen":36,"hasPayload":true,"payloadRole":"OWNER"}}
{"sessionId":"ba1cb4","timestamp":1774747028005,"runId":"post-fix","hypothesisId":"H5","location":"auth.ts:beforeFindUnique","message":"about to db.user.findUnique","data":{}}
{"sessionId":"ba1cb4","timestamp":1774747028013,"runId":"post-fix","hypothesisId":"H4","location":"auth.ts:getAuthenticatedUser","message":"auth lookup","data":{"hasToken":true,"payloadUserIdLen":36,"hasPayload":true,"payloadRole":"OWNER"}}
{"sessionId":"ba1cb4","timestamp":1774747028014,"runId":"post-fix","hypothesisId":"H5","location":"auth.ts:beforeFindUnique","message":"about to db.user.findUnique","data":{}}
{"sessionId":"ba1cb4","timestamp":1774747028444,"runId":"post-fix","hypothesisId":"B,H2,H3","location":"db.ts:createPrismaClient:entry","message":"prisma client init","data":{"useConnector":false,"hasDatabaseUrl":true,"nodeEnv":"development","devInitCount":1}}
{"sessionId":"ba1cb4","timestamp":1774747028448,"runId":"post-fix","hypothesisId":"H3,H5","location":"db.ts:createPrismaClient:poolReady","message":"pool created (database url)","data":{"branch":"database_url","urlHostKind":"other_host","elapsedMsSinceEntry":5}}
{"sessionId":"ba1cb4","timestamp":1774747048650,"runId":"post-fix","hypothesisId":"H1,H3,H5","location":"auth.ts:findUniqueError","message":"findUnique threw","data":{"elapsedMs":21128,"errName":"PrismaClientKnownRequestError","errCode":"P1008","errMsgSlice":"\nInvalid `__TURBOPACK__imported__module__$5b$project$5d2f$src$2f$lib$2f$db$2e$ts__$5b$app$2d$rsc$5d$__$28$ecmascript$29$__[\"db\"].user.findUnique()` invocation i"}}
{"sessionId":"ba1cb4","timestamp":1774747048745,"runId":"post-fix","hypothesisId":"H1,H3,H5","location":"auth.ts:findUniqueError","message":"findUnique threw","data":{"elapsedMs":21122,"errName":"PrismaClientKnownRequestError","errCode":"P1008","errMsgSlice":"\nInvalid `__TURBOPACK__imported__module__$5b$project$5d2f$src$2f$lib$2f$db$2e$ts__$5b$app$2d$rsc$5d$__$28$ecmascript$29$__[\"db\"].user.findUnique()` invocation i"}}
{"sessionId":"ba1cb4","timestamp":1774747048751,"runId":"post-fix","hypothesisId":"H1,H3,H5","location":"auth.ts:findUniqueError","message":"findUnique threw","data":{"elapsedMs":21121,"errName":"PrismaClientKnownRequestError","errCode":"P1008","errMsgSlice":"\nInvalid `__TURBOPACK__imported__module__$5b$project$5d2f$src$2f$lib$2f$db$2e$ts__$5b$app$2d$rsc$5d$__$28$ecmascript$29$__[\"db\"].user.findUnique()` invocation i"}}
{"sessionId":"ba1cb4","timestamp":1774747048758,"runId":"post-fix","hypothesisId":"H1,H3,H5","location":"auth.ts:findUniqueError","message":"findUnique threw","data":{"elapsedMs":21121,"errName":"PrismaClientKnownRequestError","errCode":"P1008","errMsgSlice":"\nInvalid `__TURBOPACK__imported__module__$5b$project$5d2f$src$2f$lib$2f$db$2e$ts__$5b$app$2d$rsc$5d$__$28$ecmascript$29$__[\"db\"].user.findUnique()` invocation i"}}
{"sessionId":"ba1cb4","timestamp":1774747049051,"runId":"post-fix","hypothesisId":"H1,H3,H5","location":"auth.ts:findUniqueError","message":"findUnique threw","data":{"elapsedMs":21046,"errName":"PrismaClientKnownRequestError","errCode":"P1008","errMsgSlice":"\nInvalid `__TURBOPACK__imported__module__$5b$project$5d2f$src$2f$lib$2f$db$2e$ts__$5b$app$2d$rsc$5d$__$28$ecmascript$29$__[\"db\"].user.findUnique()` invocation i"}}
{"sessionId":"ba1cb4","timestamp":1774747049086,"runId":"post-fix","hypothesisId":"H1,H3,H5","location":"auth.ts:findUniqueError","message":"findUnique threw","data":{"elapsedMs":21072,"errName":"PrismaClientKnownRequestError","errCode":"P1008","errMsgSlice":"\nInvalid `__TURBOPACK__imported__module__$5b$project$5d2f$src$2f$lib$2f$db$2e$ts__$5b$app$2d$rsc$5d$__$28$ecmascript$29$__[\"db\"].user.findUnique()` invocation i"}}
